#
# There is insufficient memory for the Java Runtime Environment to continue.
# Native memory allocation (mmap) failed to map 23068672 bytes for G1 virtual space
# Possible reasons:
#   The system is out of physical RAM or swap space
#   The process is running with CompressedOops enabled, and the Java Heap may be blocking the growth of the native heap
# Possible solutions:
#   Reduce memory load on the system
#   Increase physical memory or swap space
#   Check if swap backing store is full
#   Decrease Java heap size (-Xmx/-Xms)
#   Decrease number of Java threads
#   Decrease Java thread stack sizes (-Xss)
#   Set larger code cache with -XX:ReservedCodeCacheSize=
#   JVM is running with Unscaled Compressed Oops mode in which the Java heap is
#     placed in the first 4GB address space. The Java Heap base address is the
#     maximum limit for the native heap growth. Please use -XX:HeapBaseMinAddress
#     to set the Java Heap base and to place the Java Heap above 4GB virtual address.
# This output file may be truncated or incomplete.
#
#  Out of Memory Error (os_windows.cpp:3532), pid=15556, tid=14128
#
# JRE version: OpenJDK Runtime Environment Temurin-17.0.2+8 (17.0.2+8) (build 17.0.2+8)
# Java VM: OpenJDK 64-Bit Server VM Temurin-17.0.2+8 (17.0.2+8, mixed mode, emulated-client, tiered, compressed oops, compressed class ptrs, g1 gc, windows-amd64)
# No core dump will be written. Minidumps are not enabled by default on client versions of Windows
#

---------------  S U M M A R Y ------------

Command Line: -Dcom.sun.management.jmxremote -Dcom.sun.management.jmxremote.port=50745 -Dcom.sun.management.jmxremote.authenticate=false -Dcom.sun.management.jmxremote.ssl=false -Djava.rmi.server.hostname=localhost -Dspring.jmx.enabled=true -Dspring.application.admin.enabled=true -XX:TieredStopAtLevel=1 -Dspring.boot.project.name=FinalProject -Dfile.encoding=UTF-8 -XX:+ShowCodeDetailsInExceptionMessages com.example.demo.FinalProjectApplication --spring.output.ansi.enabled=always

Host: Intel(R) Core(TM) i5-8265U CPU @ 1.60GHz, 8 cores, 7G,  Windows 10 , 64 bit Build 19041 (10.0.19041.1806)
Time: Wed Jul 20 22:52:07 2022  Windows 10 , 64 bit Build 19041 (10.0.19041.1806) elapsed time: 4.924270 seconds (0d 0h 0m 4s)

---------------  T H R E A D  ---------------

Current thread (0x0000016d28fd61f0):  VMThread "VM Thread" [stack: 0x00000002fb100000,0x00000002fb200000] [id=14128]

Stack: [0x00000002fb100000,0x00000002fb200000]
Native frames: (J=compiled Java code, j=interpreted, Vv=VM code, C=native code)
V  [jvm.dll+0x67564a]
V  [jvm.dll+0x82fc04]
V  [jvm.dll+0x8313ae]
V  [jvm.dll+0x831a13]
V  [jvm.dll+0x245235]
V  [jvm.dll+0x672539]
V  [jvm.dll+0x666e82]
V  [jvm.dll+0x30401b]
V  [jvm.dll+0x30b566]
V  [jvm.dll+0x35b1fe]
V  [jvm.dll+0x35b42f]
V  [jvm.dll+0x2daf58]
V  [jvm.dll+0x2d920c]
V  [jvm.dll+0x2d87dc]
V  [jvm.dll+0x31c61b]
V  [jvm.dll+0x835ebb]
V  [jvm.dll+0x836bf4]
V  [jvm.dll+0x83710c]
V  [jvm.dll+0x8374e4]
V  [jvm.dll+0x8375b0]
V  [jvm.dll+0x7dff2a]
V  [jvm.dll+0x6744d5]
C  [ucrtbase.dll+0x21bb2]
C  [KERNEL32.DLL+0x17034]
C  [ntdll.dll+0x52651]

VM_Operation (0x00000002fd2fc700): G1CollectForAllocation, mode: safepoint, requested by thread 0x0000016d2b3978e0


---------------  P R O C E S S  ---------------

Threads class SMR info:
_java_thread_list=0x0000016d2a594990, length=23, elements={
0x0000016d1b3105f0, 0x0000016d28fdd3c0, 0x0000016d28fe5f90, 0x0000016d29c26670,
0x0000016d29c28f50, 0x0000016d29c29fb0, 0x0000016d29c2b010, 0x0000016d29c2f570,
0x0000016d29c30610, 0x0000016d29d7bb50, 0x0000016d29cf5060, 0x0000016d29d8c110,
0x0000016d29d8c620, 0x0000016d29e05080, 0x0000016d2a42c410, 0x0000016d2a41d6d0,
0x0000016d2a431b10, 0x0000016d2a42a0c0, 0x0000016d2a5a3c50, 0x0000016d2a5aaf70,
0x0000016d2a57d730, 0x0000016d2b396a70, 0x0000016d2b3978e0
}

Java Threads: ( => current thread )
  0x0000016d1b3105f0 JavaThread "main" [_thread_blocked, id=22400, stack(0x00000002fab00000,0x00000002fac00000)]
  0x0000016d28fdd3c0 JavaThread "Reference Handler" daemon [_thread_blocked, id=22212, stack(0x00000002fb200000,0x00000002fb300000)]
  0x0000016d28fe5f90 JavaThread "Finalizer" daemon [_thread_blocked, id=16968, stack(0x00000002fb300000,0x00000002fb400000)]
  0x0000016d29c26670 JavaThread "Signal Dispatcher" daemon [_thread_blocked, id=15776, stack(0x00000002fb400000,0x00000002fb500000)]
  0x0000016d29c28f50 JavaThread "Attach Listener" daemon [_thread_blocked, id=19180, stack(0x00000002fb500000,0x00000002fb600000)]
  0x0000016d29c29fb0 JavaThread "Service Thread" daemon [_thread_blocked, id=17884, stack(0x00000002fb600000,0x00000002fb700000)]
  0x0000016d29c2b010 JavaThread "Monitor Deflation Thread" daemon [_thread_blocked, id=19016, stack(0x00000002fb700000,0x00000002fb800000)]
  0x0000016d29c2f570 JavaThread "C1 CompilerThread0" daemon [_thread_blocked, id=15716, stack(0x00000002fb800000,0x00000002fb900000)]
  0x0000016d29c30610 JavaThread "Sweeper thread" daemon [_thread_blocked, id=5744, stack(0x00000002fb900000,0x00000002fba00000)]
  0x0000016d29d7bb50 JavaThread "Common-Cleaner" daemon [_thread_blocked, id=8540, stack(0x00000002fba00000,0x00000002fbb00000)]
  0x0000016d29cf5060 JavaThread "C1 CompilerThread1" daemon [_thread_blocked, id=2232, stack(0x00000002fbb00000,0x00000002fbc00000)]
  0x0000016d29d8c110 JavaThread "C1 CompilerThread2" daemon [_thread_blocked, id=18856, stack(0x00000002fbc00000,0x00000002fbd00000)]
  0x0000016d29d8c620 JavaThread "C1 CompilerThread3" daemon [_thread_blocked, id=7824, stack(0x00000002fbd00000,0x00000002fbe00000)]
  0x0000016d29e05080 JavaThread "Notification Thread" daemon [_thread_blocked, id=22440, stack(0x00000002fbe00000,0x00000002fbf00000)]
  0x0000016d2a42c410 JavaThread "RMI TCP Accept-0" daemon [_thread_in_native, id=2504, stack(0x00000002fbf00000,0x00000002fc000000)]
  0x0000016d2a41d6d0 JavaThread "RMI TCP Accept-50745" daemon [_thread_in_native, id=5484, stack(0x00000002fc000000,0x00000002fc100000)]
  0x0000016d2a431b10 JavaThread "RMI TCP Accept-0" daemon [_thread_in_native, id=20732, stack(0x00000002fc100000,0x00000002fc200000)]
  0x0000016d2a42a0c0 JavaThread "RMI TCP Connection(1)-127.0.0.1" daemon [_thread_in_native, id=2348, stack(0x00000002fc300000,0x00000002fc400000)]
  0x0000016d2a5a3c50 JavaThread "RMI Scheduler(0)" daemon [_thread_blocked, id=11216, stack(0x00000002fc400000,0x00000002fc500000)]
  0x0000016d2a5aaf70 JavaThread "RMI TCP Connection(2)-127.0.0.1" daemon [_thread_in_native, id=20832, stack(0x00000002fc500000,0x00000002fc600000)]
  0x0000016d2a57d730 JavaThread "JMX server connection timeout 22" daemon [_thread_blocked, id=21984, stack(0x00000002fc600000,0x00000002fc700000)]
  0x0000016d2b396a70 JavaThread "Thread-0" [_thread_blocked, id=18148, stack(0x00000002fd100000,0x00000002fd200000)]
  0x0000016d2b3978e0 JavaThread "restartedMain" [_thread_blocked, id=3428, stack(0x00000002fd200000,0x00000002fd300000)]

Other Threads:
=>0x0000016d28fd61f0 VMThread "VM Thread" [stack: 0x00000002fb100000,0x00000002fb200000] [id=14128]
  0x0000016d2a55ccc0 WatcherThread [stack: 0x00000002fc200000,0x00000002fc300000] [id=12120]
  0x0000016d1b350d90 GCTaskThread "GC Thread#0" [stack: 0x00000002fac00000,0x00000002fad00000] [id=22328]
  0x0000016d2a7f9050 GCTaskThread "GC Thread#1" [stack: 0x00000002fc700000,0x00000002fc800000] [id=19256]
  0x0000016d2a7f9300 GCTaskThread "GC Thread#2" [stack: 0x00000002fc800000,0x00000002fc900000] [id=6200]
  0x0000016d2a7feca0 GCTaskThread "GC Thread#3" [stack: 0x00000002fc900000,0x00000002fca00000] [id=604]
  0x0000016d2b375d60 GCTaskThread "GC Thread#4" [stack: 0x00000002fca00000,0x00000002fcb00000] [id=13056]
  0x0000016d2b376010 GCTaskThread "GC Thread#5" [stack: 0x00000002fcb00000,0x00000002fcc00000] [id=15636]
  0x0000016d2b37a2d0 GCTaskThread "GC Thread#6" [stack: 0x00000002fcc00000,0x00000002fcd00000] [id=6948]
  0x0000016d2b37a990 GCTaskThread "GC Thread#7" [stack: 0x00000002fcd00000,0x00000002fce00000] [id=5528]
  0x0000016d1b361d40 ConcurrentGCThread "G1 Main Marker" [stack: 0x00000002fad00000,0x00000002fae00000] [id=18440]
  0x0000016d1b362660 ConcurrentGCThread "G1 Conc#0" [stack: 0x00000002fae00000,0x00000002faf00000] [id=5384]
  0x0000016d2b540cc0 ConcurrentGCThread "G1 Conc#1" [stack: 0x00000002fd400000,0x00000002fd500000] [id=18704]
  0x0000016d28e50090 ConcurrentGCThread "G1 Refine#0" [stack: 0x00000002faf00000,0x00000002fb000000] [id=6960]
  0x0000016d29f89340 ConcurrentGCThread "G1 Refine#1" [stack: 0x00000002fce00000,0x00000002fcf00000] [id=15288]
  0x0000016d29f89620 ConcurrentGCThread "G1 Refine#2" [stack: 0x00000002fcf00000,0x00000002fd000000] [id=20656]
  0x0000016d29f89900 ConcurrentGCThread "G1 Refine#3" [stack: 0x00000002fd000000,0x00000002fd100000] [id=21600]
  0x0000016d28e508c0 ConcurrentGCThread "G1 Service" [stack: 0x00000002fb000000,0x00000002fb100000] [id=8892]

Threads with active compile tasks:

VM state: at safepoint (normal execution)

VM Mutex/Monitor currently owned by a thread:  ([mutex/lock_event])
[0x0000016d1933a240] Threads_lock - owner thread: 0x0000016d28fd61f0
[0x0000016d1933b830] Heap_lock - owner thread: 0x0000016d2b3978e0

Heap address: 0x0000000083200000, size: 1998 MB, Compressed Oops mode: 32-bit

CDS archive(s) not mapped
Compressed class space mapped at: 0x0000000100000000-0x0000000140000000, reserved size: 1073741824
Narrow klass base: 0x0000000000000000, Narrow klass shift: 3, Narrow klass range: 0x140000000

GC Precious Log:
 CPUs: 8 total, 8 available
 Memory: 7986M
 Large Page Support: Disabled
 NUMA Support: Disabled
 Compressed Oops: Enabled (32-bit)
 Heap Region Size: 1M
 Heap Min Capacity: 8M
 Heap Initial Capacity: 126M
 Heap Max Capacity: 1998M
 Pre-touch: Disabled
 Parallel Workers: 8
 Concurrent Workers: 2
 Concurrent Refinement Workers: 8
 Periodic GC: Disabled

Heap:
 garbage-first heap   total 41984K, used 17545K [0x0000000083200000, 0x0000000100000000)
  region size 1024K, 1 young (1024K), 1 survivors (1024K)
 Metaspace       used 40053K, committed 40448K, reserved 1089536K
  class space    used 5140K, committed 5312K, reserved 1048576K

Heap Regions: E=young(eden), S=young(survivor), O=old, HS=humongous(starts), HC=humongous(continues), CS=collection set, F=free, OA=open archive, CA=closed archive, TAMS=top-at-mark-start (previous, next)
|   0|0x0000000083200000, 0x0000000083300000, 0x0000000083300000|100%| O|  |TAMS 0x0000000083300000, 0x0000000083200000| Untracked 
|   1|0x0000000083300000, 0x0000000083400000, 0x0000000083400000|100%| O|  |TAMS 0x0000000083400000, 0x0000000083300000| Untracked 
|   2|0x0000000083400000, 0x0000000083500000, 0x0000000083500000|100%| O|  |TAMS 0x0000000083500000, 0x0000000083400000| Untracked 
|   3|0x0000000083500000, 0x0000000083600000, 0x0000000083600000|100%| O|  |TAMS 0x0000000083600000, 0x0000000083500000| Untracked 
|   4|0x0000000083600000, 0x0000000083700000, 0x0000000083700000|100%| O|  |TAMS 0x0000000083700000, 0x0000000083600000| Untracked 
|   5|0x0000000083700000, 0x0000000083800000, 0x0000000083800000|100%| O|  |TAMS 0x0000000083800000, 0x0000000083700000| Untracked 
|   6|0x0000000083800000, 0x0000000083900000, 0x0000000083900000|100%| O|  |TAMS 0x0000000083900000, 0x0000000083800000| Untracked 
|   7|0x0000000083900000, 0x0000000083a00000, 0x0000000083a00000|100%| O|  |TAMS 0x0000000083a00000, 0x0000000083900000| Untracked 
|   8|0x0000000083a00000, 0x0000000083b00000, 0x0000000083b00000|100%| O|  |TAMS 0x0000000083b00000, 0x0000000083a00000| Untracked 
|   9|0x0000000083b00000, 0x0000000083c00000, 0x0000000083c00000|100%| O|  |TAMS 0x0000000083c00000, 0x0000000083b00000| Untracked 
|  10|0x0000000083c00000, 0x0000000083d00000, 0x0000000083d00000|100%| O|  |TAMS 0x0000000083d00000, 0x0000000083c00000| Untracked 
|  11|0x0000000083d00000, 0x0000000083d00000, 0x0000000083e00000|  0%| F|  |TAMS 0x0000000083d00000, 0x0000000083d00000| Untracked 
|  12|0x0000000083e00000, 0x0000000083f00000, 0x0000000083f00000|100%| O|  |TAMS 0x0000000083e00000, 0x0000000083e00000| Untracked 
|  13|0x0000000083f00000, 0x0000000084000000, 0x0000000084000000|100%| O|  |TAMS 0x0000000083f00000, 0x0000000083f00000| Untracked 
|  14|0x0000000084000000, 0x0000000084100000, 0x0000000084100000|100%| O|  |TAMS 0x0000000084000000, 0x0000000084000000| Untracked 
|  15|0x0000000084100000, 0x0000000084200000, 0x0000000084200000|100%| O|  |TAMS 0x0000000084100000, 0x0000000084100000| Untracked 
|  16|0x0000000084200000, 0x0000000084300000, 0x0000000084300000|100%| O|  |TAMS 0x0000000084200000, 0x0000000084200000| Untracked 
|  17|0x0000000084300000, 0x0000000084336400, 0x0000000084400000| 21%| O|  |TAMS 0x0000000084300000, 0x0000000084300000| Untracked 
|  18|0x0000000084400000, 0x0000000084400000, 0x0000000084500000|  0%| F|  |TAMS 0x0000000084400000, 0x0000000084400000| Untracked 
|  19|0x0000000084500000, 0x0000000084500000, 0x0000000084600000|  0%| F|  |TAMS 0x0000000084500000, 0x0000000084500000| Untracked 
|  20|0x0000000084600000, 0x0000000084600000, 0x0000000084700000|  0%| F|  |TAMS 0x0000000084600000, 0x0000000084600000| Untracked 
|  21|0x0000000084700000, 0x0000000084700000, 0x0000000084800000|  0%| F|  |TAMS 0x0000000084700000, 0x0000000084700000| Untracked 
|  22|0x0000000084800000, 0x0000000084800000, 0x0000000084900000|  0%| F|  |TAMS 0x0000000084800000, 0x0000000084800000| Untracked 
|  23|0x0000000084900000, 0x0000000084900000, 0x0000000084a00000|  0%| F|  |TAMS 0x0000000084900000, 0x0000000084900000| Untracked 
|  24|0x0000000084a00000, 0x0000000084a00000, 0x0000000084b00000|  0%| F|  |TAMS 0x0000000084a00000, 0x0000000084a00000| Untracked 
|  25|0x0000000084b00000, 0x0000000084bec398, 0x0000000084c00000| 92%| S|CS|TAMS 0x0000000084b00000, 0x0000000084b00000| Complete 
|  26|0x0000000084c00000, 0x0000000084c00000, 0x0000000084d00000|  0%| F|  |TAMS 0x0000000084c00000, 0x0000000084c00000| Untracked 
|  27|0x0000000084d00000, 0x0000000084d00000, 0x0000000084e00000|  0%| F|  |TAMS 0x0000000084d00000, 0x0000000084d00000| Untracked 
|  28|0x0000000084e00000, 0x0000000084e00000, 0x0000000084f00000|  0%| F|  |TAMS 0x0000000084e00000, 0x0000000084e00000| Untracked 
|  29|0x0000000084f00000, 0x0000000084f00000, 0x0000000085000000|  0%| F|  |TAMS 0x0000000084f00000, 0x0000000084f00000| Untracked 
|  30|0x0000000085000000, 0x0000000085000000, 0x0000000085100000|  0%| F|  |TAMS 0x0000000085000000, 0x0000000085000000| Untracked 
|  31|0x0000000085100000, 0x0000000085100000, 0x0000000085200000|  0%| F|  |TAMS 0x0000000085100000, 0x0000000085100000| Untracked 
|  32|0x0000000085200000, 0x0000000085200000, 0x0000000085300000|  0%| F|  |TAMS 0x0000000085200000, 0x0000000085200000| Untracked 
|  33|0x0000000085300000, 0x0000000085300000, 0x0000000085400000|  0%| F|  |TAMS 0x0000000085300000, 0x0000000085300000| Untracked 
|  34|0x0000000085400000, 0x0000000085400000, 0x0000000085500000|  0%| F|  |TAMS 0x0000000085400000, 0x0000000085400000| Untracked 
|  35|0x0000000085500000, 0x0000000085500000, 0x0000000085600000|  0%| F|  |TAMS 0x0000000085500000, 0x0000000085500000| Untracked 
|  36|0x0000000085600000, 0x0000000085600000, 0x0000000085700000|  0%| F|  |TAMS 0x0000000085600000, 0x0000000085600000| Untracked 
|  37|0x0000000085700000, 0x0000000085700000, 0x0000000085800000|  0%| F|  |TAMS 0x0000000085700000, 0x0000000085700000| Untracked 
| 118|0x000000008a800000, 0x000000008a800000, 0x000000008a900000|  0%| F|  |TAMS 0x000000008a800000, 0x000000008a800000| Untracked 
| 119|0x000000008a900000, 0x000000008a900000, 0x000000008aa00000|  0%| F|  |TAMS 0x000000008a900000, 0x000000008a900000| Untracked 
| 125|0x000000008af00000, 0x000000008af00000, 0x000000008b000000|  0%| F|  |TAMS 0x000000008af00000, 0x000000008af00000| Untracked 

Card table byte_map: [0x0000016d21ec0000,0x0000016d222b0000] _byte_map_base: 0x0000016d21aa7000

Marking Bits (Prev, Next): (CMBitMap*) 0x0000016d1b3512b0, (CMBitMap*) 0x0000016d1b3512f0
 Prev Bits: [0x0000016d226a0000, 0x0000016d245d8000)
 Next Bits: [0x0000016d245e0000, 0x0000016d26518000)

Polling page: 0x0000016d19220000

Metaspace:

Usage:
  Non-class:     34.10 MB used.
      Class:      5.02 MB used.
       Both:     39.12 MB used.

Virtual space:
  Non-class space:       40.00 MB reserved,      34.31 MB ( 86%) committed,  5 nodes.
      Class space:        1.00 GB reserved,       5.19 MB ( <1%) committed,  1 nodes.
             Both:        1.04 GB reserved,      39.50 MB (  4%) committed. 

Chunk freelists:
   Non-Class:  972.00 KB
       Class:  2.69 MB
        Both:  3.64 MB

MaxMetaspaceSize: unlimited
CompressedClassSpaceSize: 1.00 GB
Initial GC threshold: 21.00 MB
Current GC threshold: 59.06 MB
CDS: off
MetaspaceReclaimPolicy: balanced
 - commit_granule_bytes: 65536.
 - commit_granule_words: 8192.
 - virtual_space_node_default_size: 1048576.
 - enlarge_chunks_in_place: 1.
 - new_chunks_are_fully_committed: 0.
 - uncommit_free_chunks: 1.
 - use_allocation_guard: 0.
 - handle_deallocations: 1.


Internal statistics:

num_allocs_failed_limit: 6.
num_arena_births: 460.
num_arena_deaths: 0.
num_vsnodes_births: 6.
num_vsnodes_deaths: 0.
num_space_committed: 632.
num_space_uncommitted: 0.
num_chunks_returned_to_freelist: 6.
num_chunks_taken_from_freelist: 1593.
num_chunk_merges: 6.
num_chunk_splits: 1030.
num_chunks_enlarged: 723.
num_purges: 0.
num_inconsistent_stats: 0.

CodeCache: size=49152Kb used=9284Kb max_used=9284Kb free=39867Kb
 bounds [0x0000016d1e9c0000, 0x0000016d1f2e0000, 0x0000016d219c0000]
 total_blobs=4489 nmethods=3980 adapters=432
 compilation: enabled
              stopped_count=0, restarted_count=0
 full_count=0

Compilation events (20 events):
Event: 4.898 Thread 0x0000016d29d8c620 nmethod 3970 0x0000016d1f2c4390 code [0x0000016d1f2c4580, 0x0000016d1f2c4a58]
Event: 4.898 Thread 0x0000016d29c2f570 nmethod 3962 0x0000016d1f2c4d90 code [0x0000016d1f2c5080, 0x0000016d1f2c5978]
Event: 4.898 Thread 0x0000016d29d8c110 nmethod 3971 0x0000016d1f2c6290 code [0x0000016d1f2c6480, 0x0000016d1f2c6958]
Event: 4.899 Thread 0x0000016d29cf5060 nmethod 3960% 0x0000016d1f2c6c90 code [0x0000016d1f2c7060, 0x0000016d1f2c8b08]
Event: 4.900 Thread 0x0000016d29c2f570 3972       1       com.sun.org.apache.xerces.internal.impl.io.UTF8Reader::read (1443 bytes)
Event: 4.902 Thread 0x0000016d29c2f570 nmethod 3972 0x0000016d1f2c9b90 code [0x0000016d1f2c9f20, 0x0000016d1f2cb408]
Event: 4.904 Thread 0x0000016d29c2f570 3973   !   1       java.util.jar.JarFile::getBytes (186 bytes)
Event: 4.904 Thread 0x0000016d29d8c110 3974       1       java.io.InputStream::readNBytes (53 bytes)
Event: 4.904 Thread 0x0000016d29d8c110 nmethod 3974 0x0000016d1f2cc390 code [0x0000016d1f2cc540, 0x0000016d1f2cc738]
Event: 4.905 Thread 0x0000016d29c2f570 nmethod 3973 0x0000016d1f2cc890 code [0x0000016d1f2ccb60, 0x0000016d1f2cd4d8]
Event: 4.906 Thread 0x0000016d29c2f570 3975       1       sun.nio.fs.Util::followLinks (66 bytes)
Event: 4.906 Thread 0x0000016d29d8c620 3976   !   1       sun.nio.fs.WindowsFileAttributes::get (236 bytes)
Event: 4.906 Thread 0x0000016d29d8c110 3977   !   1       sun.nio.fs.WindowsNativeDispatcher::GetFileAttributesEx (30 bytes)
Event: 4.907 Thread 0x0000016d29d8c110 nmethod 3977 0x0000016d1f2ce090 code [0x0000016d1f2ce240, 0x0000016d1f2ce3b8]
Event: 4.907 Thread 0x0000016d29c2f570 nmethod 3975 0x0000016d1f2ce590 code [0x0000016d1f2ce740, 0x0000016d1f2ce9f8]
Event: 4.908 Thread 0x0000016d29d8c620 nmethod 3976 0x0000016d1f2ceb90 code [0x0000016d1f2cef00, 0x0000016d1f2cfb28]
Event: 4.908 Thread 0x0000016d29d8c110 3979       1       java.util.zip.ZipFile::getEntryName (42 bytes)
Event: 4.909 Thread 0x0000016d29d8c110 nmethod 3979 0x0000016d1f2d0990 code [0x0000016d1f2d0b40, 0x0000016d1f2d0cd8]
Event: 4.911 Thread 0x0000016d29d8c110 3980       1       java.util.LinkedList::size (5 bytes)
Event: 4.911 Thread 0x0000016d29d8c110 nmethod 3980 0x0000016d1f2d0e90 code [0x0000016d1f2d1020, 0x0000016d1f2d10f8]

GC Heap History (20 events):
Event: 2.014 GC heap after
{Heap after GC invocations=3 (full 0):
 garbage-first heap   total 129024K, used 8952K [0x0000000083200000, 0x0000000100000000)
  region size 1024K, 2 young (2048K), 2 survivors (2048K)
 Metaspace       used 21233K, committed 21504K, reserved 1073152K
  class space    used 2476K, committed 2624K, reserved 1048576K
}
Event: 2.309 GC heap before
{Heap before GC invocations=4 (full 0):
 garbage-first heap   total 34816K, used 26360K [0x0000000083200000, 0x0000000100000000)
  region size 1024K, 20 young (20480K), 2 survivors (2048K)
 Metaspace       used 24873K, committed 25152K, reserved 1073152K
  class space    used 3073K, committed 3200K, reserved 1048576K
}
Event: 2.314 GC heap after
{Heap after GC invocations=5 (full 0):
 garbage-first heap   total 34816K, used 9844K [0x0000000083200000, 0x0000000100000000)
  region size 1024K, 3 young (3072K), 3 survivors (3072K)
 Metaspace       used 24873K, committed 25152K, reserved 1073152K
  class space    used 3073K, committed 3200K, reserved 1048576K
}
Event: 2.598 GC heap before
{Heap before GC invocations=5 (full 0):
 garbage-first heap   total 34816K, used 23156K [0x0000000083200000, 0x0000000100000000)
  region size 1024K, 17 young (17408K), 3 survivors (3072K)
 Metaspace       used 28035K, committed 28352K, reserved 1081344K
  class space    used 3434K, committed 3584K, reserved 1048576K
}
Event: 2.601 GC heap after
{Heap after GC invocations=6 (full 0):
 garbage-first heap   total 34816K, used 10498K [0x0000000083200000, 0x0000000100000000)
  region size 1024K, 3 young (3072K), 3 survivors (3072K)
 Metaspace       used 28035K, committed 28352K, reserved 1081344K
  class space    used 3434K, committed 3584K, reserved 1048576K
}
Event: 2.968 GC heap before
{Heap before GC invocations=6 (full 0):
 garbage-first heap   total 34816K, used 23810K [0x0000000083200000, 0x0000000100000000)
  region size 1024K, 17 young (17408K), 3 survivors (3072K)
 Metaspace       used 30193K, committed 30528K, reserved 1081344K
  class space    used 3741K, committed 3904K, reserved 1048576K
}
Event: 2.972 GC heap after
{Heap after GC invocations=7 (full 0):
 garbage-first heap   total 34816K, used 11436K [0x0000000083200000, 0x0000000100000000)
  region size 1024K, 2 young (2048K), 2 survivors (2048K)
 Metaspace       used 30193K, committed 30528K, reserved 1081344K
  class space    used 3741K, committed 3904K, reserved 1048576K
}
Event: 3.306 GC heap before
{Heap before GC invocations=7 (full 0):
 garbage-first heap   total 34816K, used 24748K [0x0000000083200000, 0x0000000100000000)
  region size 1024K, 16 young (16384K), 2 survivors (2048K)
 Metaspace       used 31157K, committed 31552K, reserved 1081344K
  class space    used 3903K, committed 4096K, reserved 1048576K
}
Event: 3.309 GC heap after
{Heap after GC invocations=8 (full 0):
 garbage-first heap   total 34816K, used 12518K [0x0000000083200000, 0x0000000100000000)
  region size 1024K, 2 young (2048K), 2 survivors (2048K)
 Metaspace       used 31157K, committed 31552K, reserved 1081344K
  class space    used 3903K, committed 4096K, reserved 1048576K
}
Event: 3.619 GC heap before
{Heap before GC invocations=8 (full 0):
 garbage-first heap   total 34816K, used 25830K [0x0000000083200000, 0x0000000100000000)
  region size 1024K, 15 young (15360K), 2 survivors (2048K)
 Metaspace       used 32620K, committed 32960K, reserved 1081344K
  class space    used 4132K, committed 4288K, reserved 1048576K
}
Event: 3.622 GC heap after
{Heap after GC invocations=9 (full 0):
 garbage-first heap   total 34816K, used 13440K [0x0000000083200000, 0x0000000100000000)
  region size 1024K, 2 young (2048K), 2 survivors (2048K)
 Metaspace       used 32620K, committed 32960K, reserved 1081344K
  class space    used 4132K, committed 4288K, reserved 1048576K
}
Event: 3.917 GC heap before
{Heap before GC invocations=9 (full 0):
 garbage-first heap   total 34816K, used 25728K [0x0000000083200000, 0x0000000100000000)
  region size 1024K, 14 young (14336K), 2 survivors (2048K)
 Metaspace       used 34298K, committed 34688K, reserved 1081344K
  class space    used 4381K, committed 4544K, reserved 1048576K
}
Event: 3.920 GC heap after
{Heap after GC invocations=10 (full 0):
 garbage-first heap   total 41984K, used 14080K [0x0000000083200000, 0x0000000100000000)
  region size 1024K, 2 young (2048K), 2 survivors (2048K)
 Metaspace       used 34298K, committed 34688K, reserved 1081344K
  class space    used 4381K, committed 4544K, reserved 1048576K
}
Event: 4.131 GC heap before
{Heap before GC invocations=10 (full 0):
 garbage-first heap   total 41984K, used 23296K [0x0000000083200000, 0x0000000100000000)
  region size 1024K, 12 young (12288K), 2 survivors (2048K)
 Metaspace       used 35825K, committed 36160K, reserved 1081344K
  class space    used 4613K, committed 4800K, reserved 1048576K
}
Event: 4.135 GC heap after
{Heap after GC invocations=11 (full 0):
 garbage-first heap   total 41984K, used 15286K [0x0000000083200000, 0x0000000100000000)
  region size 1024K, 3 young (3072K), 3 survivors (3072K)
 Metaspace       used 35825K, committed 36160K, reserved 1081344K
  class space    used 4613K, committed 4800K, reserved 1048576K
}
Event: 4.533 GC heap before
{Heap before GC invocations=12 (full 0):
 garbage-first heap   total 41984K, used 30646K [0x0000000083200000, 0x0000000100000000)
  region size 1024K, 18 young (18432K), 3 survivors (3072K)
 Metaspace       used 38025K, committed 38400K, reserved 1089536K
  class space    used 4919K, committed 5120K, reserved 1048576K
}
Event: 4.539 GC heap after
{Heap after GC invocations=13 (full 0):
 garbage-first heap   total 41984K, used 17021K [0x0000000083200000, 0x0000000100000000)
  region size 1024K, 3 young (3072K), 3 survivors (3072K)
 Metaspace       used 38025K, committed 38400K, reserved 1089536K
  class space    used 4919K, committed 5120K, reserved 1048576K
}
Event: 4.565 GC heap before
{Heap before GC invocations=13 (full 0):
 garbage-first heap   total 41984K, used 18045K [0x0000000083200000, 0x0000000100000000)
  region size 1024K, 4 young (4096K), 3 survivors (3072K)
 Metaspace       used 38025K, committed 38400K, reserved 1089536K
  class space    used 4919K, committed 5120K, reserved 1048576K
}
Event: 4.570 GC heap after
{Heap after GC invocations=14 (full 0):
 garbage-first heap   total 41984K, used 16870K [0x0000000083200000, 0x0000000100000000)
  region size 1024K, 1 young (1024K), 1 survivors (1024K)
 Metaspace       used 38025K, committed 38400K, reserved 1089536K
  class space    used 4919K, committed 5120K, reserved 1048576K
}
Event: 4.917 GC heap before
{Heap before GC invocations=14 (full 0):
 garbage-first heap   total 41984K, used 31206K [0x0000000083200000, 0x0000000100000000)
  region size 1024K, 15 young (15360K), 1 survivors (1024K)
 Metaspace       used 40053K, committed 40448K, reserved 1089536K
  class space    used 5140K, committed 5312K, reserved 1048576K
}

Deoptimization events (8 events):
Event: 1.313 Thread 0x0000016d1b3105f0 DEOPT PACKING pc=0x0000016d1ed0eef5 sp=0x00000002fabfdd70
Event: 1.313 Thread 0x0000016d1b3105f0 DEOPT UNPACKING pc=0x0000016d1ea12b43 sp=0x00000002fabfd1c8 mode 3
Event: 2.084 Thread 0x0000016d2b3960d0 DEOPT PACKING pc=0x0000016d1ef75f85 sp=0x00000002fd3fbc70
Event: 2.084 Thread 0x0000016d2b3960d0 DEOPT UNPACKING pc=0x0000016d1ea12b43 sp=0x00000002fd3fb1d0 mode 3
Event: 2.140 Thread 0x0000016d2b3978e0 DEOPT PACKING pc=0x0000016d1ef87719 sp=0x00000002fd2fc520
Event: 2.140 Thread 0x0000016d2b3978e0 DEOPT UNPACKING pc=0x0000016d1ea12b43 sp=0x00000002fd2fba00 mode 3
Event: 3.886 Thread 0x0000016d2b3978e0 DEOPT PACKING pc=0x0000016d1f199b75 sp=0x00000002fd2fd5e0
Event: 3.886 Thread 0x0000016d2b3978e0 DEOPT UNPACKING pc=0x0000016d1ea12b43 sp=0x00000002fd2fca50 mode 3

Classes unloaded (0 events):
No events

Classes redefined (0 events):
No events

Internal exceptions (20 events):
Event: 4.070 Thread 0x0000016d2b3978e0 Exception <a 'java/lang/ClassNotFoundException'{0x0000000085376318}: org/springframework/aop/support/AbstractPointcutAdvisorCustomizer> (0x0000000085376318) 
thrown [e:\jenkins\tmp\workspace\build\src\src\hotspot\share\classfile\systemDictionary.cpp, line 256]
Event: 4.072 Thread 0x0000016d2b3978e0 Exception <a 'java/lang/ClassNotFoundException'{0x00000000853809f8}: org/springframework/security/access/intercept/aopalliance/MethodSecurityMetadataSourceAdvisorCustomizer> (0x00000000853809f8) 
thrown [e:\jenkins\tmp\workspace\build\src\src\hotspot\share\classfile\systemDictionary.cpp, line 256]
Event: 4.073 Thread 0x0000016d2b3978e0 Exception <a 'java/lang/ClassNotFoundException'{0x000000008538da50}: org/springframework/beans/factory/BeanFactoryAwareCustomizer> (0x000000008538da50) 
thrown [e:\jenkins\tmp\workspace\build\src\src\hotspot\share\classfile\systemDictionary.cpp, line 256]
Event: 4.074 Thread 0x0000016d2b3978e0 Exception <a 'java/lang/ClassNotFoundException'{0x00000000853945e8}: org/springframework/beans/factory/AwareCustomizer> (0x00000000853945e8) 
thrown [e:\jenkins\tmp\workspace\build\src\src\hotspot\share\classfile\systemDictionary.cpp, line 256]
Event: 4.074 Thread 0x0000016d2b3978e0 Exception <a 'java/lang/ClassNotFoundException'{0x0000000085399cb8}: org/springframework/aop/PointcutAdvisorCustomizer> (0x0000000085399cb8) 
thrown [e:\jenkins\tmp\workspace\build\src\src\hotspot\share\classfile\systemDictionary.cpp, line 256]
Event: 4.075 Thread 0x0000016d2b3978e0 Exception <a 'java/lang/ClassNotFoundException'{0x00000000853a03a8}: org/springframework/aop/AdvisorCustomizer> (0x00000000853a03a8) 
thrown [e:\jenkins\tmp\workspace\build\src\src\hotspot\share\classfile\systemDictionary.cpp, line 256]
Event: 4.076 Thread 0x0000016d2b3978e0 Exception <a 'java/lang/ClassNotFoundException'{0x00000000853a7278}: org/springframework/core/OrderedCustomizer> (0x00000000853a7278) 
thrown [e:\jenkins\tmp\workspace\build\src\src\hotspot\share\classfile\systemDictionary.cpp, line 256]
Event: 4.172 Thread 0x0000016d2b3978e0 Exception <a 'java/lang/NoSuchMethodError'{0x000000008a81e598}: 'void java.lang.invoke.DirectMethodHandle$Holder.invokeInterface(java.lang.Object, java.lang.Object, int)'> (0x000000008a81e598) 
thrown [e:\jenkins\tmp\workspace\build\src\src\hotspot\share\interpreter\linkResolver.cpp, line 766]
Event: 4.173 Thread 0x0000016d2b3978e0 Exception <a 'java/lang/NoSuchMethodError'{0x000000008a838030}: 'int java.lang.invoke.DirectMethodHandle$Holder.invokeVirtual(java.lang.Object, java.lang.Object)'> (0x000000008a838030) 
thrown [e:\jenkins\tmp\workspace\build\src\src\hotspot\share\interpreter\linkResolver.cpp, line 766]
Event: 4.175 Thread 0x0000016d2b3978e0 Exception <a 'java/lang/IncompatibleClassChangeError'{0x000000008a871ac0}: Found class java.lang.Object, but interface was expected> (0x000000008a871ac0) 
thrown [e:\jenkins\tmp\workspace\build\src\src\hotspot\share\interpreter\linkResolver.cpp, line 833]
Event: 4.175 Thread 0x0000016d2b3978e0 Exception <a 'java/lang/NoSuchMethodError'{0x000000008a876c48}: 'void java.lang.invoke.DirectMethodHandle$Holder.invokeStatic(java.lang.Object, int, java.lang.Object)'> (0x000000008a876c48) 
thrown [e:\jenkins\tmp\workspace\build\src\src\hotspot\share\interpreter\linkResolver.cpp, line 766]
Event: 4.178 Thread 0x0000016d2b3978e0 Exception <a 'java/lang/NoSuchMethodError'{0x000000008a8a6360}: 'int java.lang.invoke.DirectMethodHandle$Holder.invokeSpecial(java.lang.Object, java.lang.Object, int)'> (0x000000008a8a6360) 
thrown [e:\jenkins\tmp\workspace\build\src\src\hotspot\share\interpreter\linkResolver.cpp, line 766]
Event: 4.289 Thread 0x0000016d2a5aaf70 Exception <a 'java/lang/reflect/InvocationTargetException'{0x0000000085146cd8}> (0x0000000085146cd8) 
thrown [e:\jenkins\tmp\workspace\build\src\src\hotspot\share\runtime\reflection.cpp, line 1121]
Event: 4.584 Thread 0x0000016d2b3978e0 Exception <a 'sun/nio/fs/WindowsException'{0x000000008afd8770}> (0x000000008afd8770) 
thrown [e:\jenkins\tmp\workspace\build\src\src\hotspot\share\prims\jni.cpp, line 516]
Event: 4.586 Thread 0x0000016d2b3978e0 Exception <a 'sun/nio/fs/WindowsException'{0x000000008afde398}> (0x000000008afde398) 
thrown [e:\jenkins\tmp\workspace\build\src\src\hotspot\share\prims\jni.cpp, line 516]
Event: 4.586 Thread 0x0000016d2b3978e0 Exception <a 'sun/nio/fs/WindowsException'{0x000000008afde688}> (0x000000008afde688) 
thrown [e:\jenkins\tmp\workspace\build\src\src\hotspot\share\prims\jni.cpp, line 516]
Event: 4.587 Thread 0x0000016d2b3978e0 Exception <a 'sun/nio/fs/WindowsException'{0x000000008afdf700}> (0x000000008afdf700) 
thrown [e:\jenkins\tmp\workspace\build\src\src\hotspot\share\prims\jni.cpp, line 516]
Event: 4.587 Thread 0x0000016d2b3978e0 Exception <a 'sun/nio/fs/WindowsException'{0x000000008afdfa58}> (0x000000008afdfa58) 
thrown [e:\jenkins\tmp\workspace\build\src\src\hotspot\share\prims\jni.cpp, line 516]
Event: 4.733 Thread 0x0000016d2b3978e0 Exception <a 'java/io/FileNotFoundException'{0x00000000854e6e78}> (0x00000000854e6e78) 
thrown [e:\jenkins\tmp\workspace\build\src\src\hotspot\share\prims\jni.cpp, line 516]
Event: 4.792 Thread 0x0000016d2a5aaf70 Exception <a 'java/lang/reflect/InvocationTargetException'{0x0000000085101bc0}> (0x0000000085101bc0) 
thrown [e:\jenkins\tmp\workspace\build\src\src\hotspot\share\runtime\reflection.cpp, line 1121]

VM Operations (20 events):
Event: 3.897 Executing VM operation: HandshakeAllThreads done
Event: 3.917 Executing VM operation: G1CollectForAllocation
Event: 3.921 Executing VM operation: G1CollectForAllocation done
Event: 4.131 Executing VM operation: CollectForMetadataAllocation
Event: 4.135 Executing VM operation: CollectForMetadataAllocation done
Event: 4.146 Executing VM operation: G1Concurrent
Event: 4.148 Executing VM operation: G1Concurrent done
Event: 4.155 Executing VM operation: G1Concurrent
Event: 4.155 Executing VM operation: G1Concurrent done
Event: 4.447 Executing VM operation: HandshakeAllThreads
Event: 4.447 Executing VM operation: HandshakeAllThreads done
Event: 4.533 Executing VM operation: G1CollectForAllocation
Event: 4.539 Executing VM operation: G1CollectForAllocation done
Event: 4.565 Executing VM operation: G1CollectForAllocation
Event: 4.570 Executing VM operation: G1CollectForAllocation done
Event: 4.637 Executing VM operation: HandshakeAllThreads
Event: 4.637 Executing VM operation: HandshakeAllThreads done
Event: 4.797 Executing VM operation: HandshakeAllThreads
Event: 4.797 Executing VM operation: HandshakeAllThreads done
Event: 4.917 Executing VM operation: G1CollectForAllocation

Events (20 events):
Event: 4.853 loading class com/sun/org/apache/xerces/internal/util/XMLChar
Event: 4.853 loading class com/sun/org/apache/xerces/internal/util/XMLChar done
Event: 4.853 loading class com/sun/org/apache/xerces/internal/util/XMLSymbols
Event: 4.853 loading class com/sun/org/apache/xerces/internal/util/XMLSymbols done
Event: 4.853 loading class com/sun/org/apache/xerces/internal/parsers/AbstractSAXParser$LocatorProxy
Event: 4.854 loading class org/xml/sax/ext/Locator2
Event: 4.854 loading class org/xml/sax/Locator
Event: 4.854 loading class org/xml/sax/Locator done
Event: 4.854 loading class org/xml/sax/ext/Locator2 done
Event: 4.854 loading class com/sun/org/apache/xerces/internal/parsers/AbstractSAXParser$LocatorProxy done
Event: 4.854 loading class com/sun/org/apache/xerces/internal/impl/XMLScanner$NameType
Event: 4.854 loading class com/sun/org/apache/xerces/internal/impl/XMLScanner$NameType done
Event: 4.854 loading class com/sun/org/apache/xerces/internal/impl/Constants
Event: 4.855 loading class com/sun/org/apache/xerces/internal/impl/Constants done
Event: 4.855 loading class com/sun/org/apache/xerces/internal/impl/Constants$ArrayEnumeration
Event: 4.855 loading class com/sun/org/apache/xerces/internal/impl/Constants$ArrayEnumeration done
Event: 4.855 loading class org/xml/sax/helpers/AttributesImpl
Event: 4.856 loading class org/xml/sax/helpers/AttributesImpl done
Event: 4.873 loading class com/sun/org/apache/xerces/internal/impl/io/MalformedByteSequenceException
Event: 4.873 loading class com/sun/org/apache/xerces/internal/impl/io/MalformedByteSequenceException done


Dynamic libraries:
0x00007ff725dd0000 - 0x00007ff725dde000 	C:\Users\admin\Downloads\sts-4.14.1.RELEASE\plugins\org.eclipse.justj.openjdk.hotspot.jre.full.win32.x86_64_17.0.2.v20220201-1208\jre\bin\javaw.exe
0x00007ffe02910000 - 0x00007ffe02b08000 	C:\WINDOWS\SYSTEM32\ntdll.dll
0x00007ffe01640000 - 0x00007ffe016fd000 	C:\WINDOWS\System32\KERNEL32.DLL
0x00007ffe00130000 - 0x00007ffe003fe000 	C:\WINDOWS\System32\KERNELBASE.dll
0x00007ffe00030000 - 0x00007ffe00130000 	C:\WINDOWS\System32\ucrtbase.dll
0x00007ffde7a30000 - 0x00007ffde7a48000 	C:\Users\admin\Downloads\sts-4.14.1.RELEASE\plugins\org.eclipse.justj.openjdk.hotspot.jre.full.win32.x86_64_17.0.2.v20220201-1208\jre\bin\jli.dll
0x00007ffdf66f0000 - 0x00007ffdf6709000 	C:\Users\admin\Downloads\sts-4.14.1.RELEASE\plugins\org.eclipse.justj.openjdk.hotspot.jre.full.win32.x86_64_17.0.2.v20220201-1208\jre\bin\VCRUNTIME140.dll
0x00007ffe019a0000 - 0x00007ffe01b40000 	C:\WINDOWS\System32\USER32.dll
0x00007ffe00500000 - 0x00007ffe00522000 	C:\WINDOWS\System32\win32u.dll
0x00007ffe017d0000 - 0x00007ffe017fa000 	C:\WINDOWS\System32\GDI32.dll
0x00007ffe00830000 - 0x00007ffe0093b000 	C:\WINDOWS\System32\gdi32full.dll
0x00007ffe00530000 - 0x00007ffe005cd000 	C:\WINDOWS\System32\msvcp_win.dll
0x00007ffdea090000 - 0x00007ffdea32a000 	C:\WINDOWS\WinSxS\amd64_microsoft.windows.common-controls_6595b64144ccf1df_6.0.19041.1110_none_60b5254171f9507e\COMCTL32.dll
0x00007ffe009a0000 - 0x00007ffe00a3e000 	C:\WINDOWS\System32\msvcrt.dll
0x00007ffe00970000 - 0x00007ffe009a0000 	C:\WINDOWS\System32\IMM32.DLL
0x00007ffdf7f50000 - 0x00007ffdf7f5c000 	C:\Users\admin\Downloads\sts-4.14.1.RELEASE\plugins\org.eclipse.justj.openjdk.hotspot.jre.full.win32.x86_64_17.0.2.v20220201-1208\jre\bin\vcruntime140_1.dll
0x00007ffddbec0000 - 0x00007ffddbf51000 	C:\Users\admin\Downloads\sts-4.14.1.RELEASE\plugins\org.eclipse.justj.openjdk.hotspot.jre.full.win32.x86_64_17.0.2.v20220201-1208\jre\bin\msvcp140.dll
0x00007ffdaeac0000 - 0x00007ffdaf707000 	C:\Users\admin\Downloads\sts-4.14.1.RELEASE\plugins\org.eclipse.justj.openjdk.hotspot.jre.full.win32.x86_64_17.0.2.v20220201-1208\jre\bin\server\jvm.dll
0x00007ffe01800000 - 0x00007ffe018ae000 	C:\WINDOWS\System32\ADVAPI32.dll
0x00007ffe024f0000 - 0x00007ffe0258c000 	C:\WINDOWS\System32\sechost.dll
0x00007ffe01b40000 - 0x00007ffe01c65000 	C:\WINDOWS\System32\RPCRT4.dll
0x00007ffe01990000 - 0x00007ffe01998000 	C:\WINDOWS\System32\PSAPI.DLL
0x00007ffdf2fc0000 - 0x00007ffdf2fe7000 	C:\WINDOWS\SYSTEM32\WINMM.dll
0x00007ffdeedb0000 - 0x00007ffdeedb9000 	C:\WINDOWS\SYSTEM32\WSOCK32.dll
0x00007ffdf7180000 - 0x00007ffdf718a000 	C:\WINDOWS\SYSTEM32\VERSION.dll
0x00007ffe01760000 - 0x00007ffe017cb000 	C:\WINDOWS\System32\WS2_32.dll
0x00007ffdfe8c0000 - 0x00007ffdfe8d2000 	C:\WINDOWS\SYSTEM32\kernel.appcore.dll
0x00007ffdf8340000 - 0x00007ffdf834a000 	C:\Users\admin\Downloads\sts-4.14.1.RELEASE\plugins\org.eclipse.justj.openjdk.hotspot.jre.full.win32.x86_64_17.0.2.v20220201-1208\jre\bin\jimage.dll
0x00007ffdfde00000 - 0x00007ffdfdfe4000 	C:\WINDOWS\SYSTEM32\DBGHELP.DLL
0x00007ffdfd360000 - 0x00007ffdfd38c000 	C:\WINDOWS\SYSTEM32\dbgcore.DLL
0x00007ffe00470000 - 0x00007ffe004f2000 	C:\WINDOWS\System32\bcryptPrimitives.dll
0x00007ffdf0cc0000 - 0x00007ffdf0ce5000 	C:\Users\admin\Downloads\sts-4.14.1.RELEASE\plugins\org.eclipse.justj.openjdk.hotspot.jre.full.win32.x86_64_17.0.2.v20220201-1208\jre\bin\java.dll
0x00007ffde78b0000 - 0x00007ffde78c8000 	C:\Users\admin\Downloads\sts-4.14.1.RELEASE\plugins\org.eclipse.justj.openjdk.hotspot.jre.full.win32.x86_64_17.0.2.v20220201-1208\jre\bin\zip.dll
0x00007ffe00ed0000 - 0x00007ffe01614000 	C:\WINDOWS\System32\SHELL32.dll
0x00007ffdfe110000 - 0x00007ffdfe8a4000 	C:\WINDOWS\SYSTEM32\windows.storage.dll
0x00007ffe00b70000 - 0x00007ffe00ec4000 	C:\WINDOWS\System32\combase.dll
0x00007ffdffa90000 - 0x00007ffdffac0000 	C:\WINDOWS\SYSTEM32\Wldp.dll
0x00007ffe02430000 - 0x00007ffe024dd000 	C:\WINDOWS\System32\SHCORE.dll
0x00007ffe01c70000 - 0x00007ffe01cc5000 	C:\WINDOWS\System32\shlwapi.dll
0x00007ffdfff70000 - 0x00007ffdfff8f000 	C:\WINDOWS\SYSTEM32\profapi.dll
0x00007ffde7810000 - 0x00007ffde7829000 	C:\Users\admin\Downloads\sts-4.14.1.RELEASE\plugins\org.eclipse.justj.openjdk.hotspot.jre.full.win32.x86_64_17.0.2.v20220201-1208\jre\bin\net.dll
0x00007ffdfd010000 - 0x00007ffdfd11a000 	C:\WINDOWS\SYSTEM32\WINHTTP.dll
0x00007ffdff7f0000 - 0x00007ffdff85a000 	C:\WINDOWS\system32\mswsock.dll
0x00007ffde77f0000 - 0x00007ffde7805000 	C:\Users\admin\Downloads\sts-4.14.1.RELEASE\plugins\org.eclipse.justj.openjdk.hotspot.jre.full.win32.x86_64_17.0.2.v20220201-1208\jre\bin\nio.dll
0x00007ffdf8030000 - 0x00007ffdf8039000 	C:\Users\admin\Downloads\sts-4.14.1.RELEASE\plugins\org.eclipse.justj.openjdk.hotspot.jre.full.win32.x86_64_17.0.2.v20220201-1208\jre\bin\management.dll
0x00007ffdf8020000 - 0x00007ffdf802b000 	C:\Users\admin\Downloads\sts-4.14.1.RELEASE\plugins\org.eclipse.justj.openjdk.hotspot.jre.full.win32.x86_64_17.0.2.v20220201-1208\jre\bin\management_ext.dll
0x00007ffdef5a0000 - 0x00007ffdef5b7000 	C:\WINDOWS\system32\napinsp.dll
0x00007ffdef480000 - 0x00007ffdef49b000 	C:\WINDOWS\system32\pnrpnsp.dll
0x00007ffdfa960000 - 0x00007ffdfa975000 	C:\WINDOWS\system32\wshbth.dll
0x00007ffdf8d10000 - 0x00007ffdf8d2d000 	C:\WINDOWS\system32\NLAapi.dll
0x00007ffdff490000 - 0x00007ffdff4cb000 	C:\WINDOWS\SYSTEM32\IPHLPAPI.DLL
0x00007ffdff4d0000 - 0x00007ffdff59b000 	C:\WINDOWS\SYSTEM32\DNSAPI.dll
0x00007ffe024e0000 - 0x00007ffe024e8000 	C:\WINDOWS\System32\NSI.dll
0x00007ffdeee50000 - 0x00007ffdeee62000 	C:\WINDOWS\System32\winrnr.dll
0x00007ffdf7910000 - 0x00007ffdf791a000 	C:\Windows\System32\rasadhlp.dll
0x00007ffdf5360000 - 0x00007ffdf53e0000 	C:\WINDOWS\System32\fwpuclnt.dll
0x00007ffe00940000 - 0x00007ffe00967000 	C:\WINDOWS\System32\bcrypt.dll
0x00007ffdff9e0000 - 0x00007ffdff9f8000 	C:\WINDOWS\SYSTEM32\CRYPTSP.dll
0x00007ffdff100000 - 0x00007ffdff134000 	C:\WINDOWS\system32\rsaenh.dll
0x00007ffdffef0000 - 0x00007ffdfff1e000 	C:\WINDOWS\SYSTEM32\USERENV.dll
0x00007ffdffa00000 - 0x00007ffdffa0c000 	C:\WINDOWS\SYSTEM32\CRYPTBASE.dll
0x00007ffdf6ff0000 - 0x00007ffdf7007000 	C:\WINDOWS\SYSTEM32\dhcpcsvc6.DLL
0x00007ffdf70e0000 - 0x00007ffdf70fd000 	C:\WINDOWS\SYSTEM32\dhcpcsvc.DLL
0x00007ffdf6810000 - 0x00007ffdf6820000 	C:\Users\admin\Downloads\sts-4.14.1.RELEASE\plugins\org.eclipse.justj.openjdk.hotspot.jre.full.win32.x86_64_17.0.2.v20220201-1208\jre\bin\verify.dll
0x00007ffdf8500000 - 0x00007ffdf850e000 	C:\Users\admin\Downloads\sts-4.14.1.RELEASE\plugins\org.eclipse.justj.openjdk.hotspot.jre.full.win32.x86_64_17.0.2.v20220201-1208\jre\bin\sunmscapi.dll
0x00007ffe005d0000 - 0x00007ffe00726000 	C:\WINDOWS\System32\CRYPT32.dll
0x00007ffdffb00000 - 0x00007ffdffb27000 	C:\WINDOWS\SYSTEM32\ncrypt.dll
0x00007ffdffac0000 - 0x00007ffdffafb000 	C:\WINDOWS\SYSTEM32\NTASN1.dll

dbghelp: loaded successfully - version: 4.0.5 - missing functions: none
symbol engine: initialized successfully - sym options: 0x614 - pdb path: .;C:\Users\admin\Downloads\sts-4.14.1.RELEASE\plugins\org.eclipse.justj.openjdk.hotspot.jre.full.win32.x86_64_17.0.2.v20220201-1208\jre\bin;C:\WINDOWS\SYSTEM32;C:\WINDOWS\WinSxS\amd64_microsoft.windows.common-controls_6595b64144ccf1df_6.0.19041.1110_none_60b5254171f9507e;C:\Users\admin\Downloads\sts-4.14.1.RELEASE\plugins\org.eclipse.justj.openjdk.hotspot.jre.full.win32.x86_64_17.0.2.v20220201-1208\jre\bin\server

VM Arguments:
jvm_args: -Dcom.sun.management.jmxremote -Dcom.sun.management.jmxremote.port=50745 -Dcom.sun.management.jmxremote.authenticate=false -Dcom.sun.management.jmxremote.ssl=false -Djava.rmi.server.hostname=localhost -Dspring.jmx.enabled=true -Dspring.application.admin.enabled=true -XX:TieredStopAtLevel=1 -Dspring.boot.project.name=FinalProject -Dfile.encoding=UTF-8 -XX:+ShowCodeDetailsInExceptionMessages 
java_command: com.example.demo.FinalProjectApplication --spring.output.ansi.enabled=always
java_class_path (initial): C:\Users\admin\git\FinalProject\FinalProject\target\classes;C:\Users\admin\.m2\repository\org\springframework\boot\spring-boot-starter-web\2.7.0\spring-boot-starter-web-2.7.0.jar;C:\Users\admin\.m2\repository\org\springframework\boot\spring-boot-starter\2.7.0\spring-boot-starter-2.7.0.jar;C:\Users\admin\.m2\repository\org\springframework\boot\spring-boot-starter-logging\2.7.0\spring-boot-starter-logging-2.7.0.jar;C:\Users\admin\.m2\repository\ch\qos\logback\logback-classic\1.2.11\logback-classic-1.2.11.jar;C:\Users\admin\.m2\repository\ch\qos\logback\logback-core\1.2.11\logback-core-1.2.11.jar;C:\Users\admin\.m2\repository\org\apache\logging\log4j\log4j-to-slf4j\2.17.2\log4j-to-slf4j-2.17.2.jar;C:\Users\admin\.m2\repository\org\apache\logging\log4j\log4j-api\2.17.2\log4j-api-2.17.2.jar;C:\Users\admin\.m2\repository\org\slf4j\jul-to-slf4j\1.7.36\jul-to-slf4j-1.7.36.jar;C:\Users\admin\.m2\repository\org\yaml\snakeyaml\1.30\snakeyaml-1.30.jar;C:\Users\admin\.m2\repository\org\springframework\boot\spring-boot-starter-json\2.7.0\spring-boot-starter-json-2.7.0.jar;C:\Users\admin\.m2\repository\com\fasterxml\jackson\datatype\jackson-datatype-jdk8\2.13.3\jackson-datatype-jdk8-2.13.3.jar;C:\Users\admin\.m2\repository\com\fasterxml\jackson\datatype\jackson-datatype-jsr310\2.13.3\jackson-datatype-jsr310-2.13.3.jar;C:\Users\admin\.m2\repository\com\fasterxml\jackson\module\jackson-module-parameter-names\2.13.3\jackson-module-parameter-names-2.13.3.jar;C:\Users\admin\.m2\repository\org\springframework\spring-web\5.3.20\spring-web-5.3.20.jar;C:\Users\admin\.m2\repository\org\springframework\spring-beans\5.3.20\spring-beans-5.3.20.jar;C:\Users\admin\.m2\repository\org\springframework\spring-webmvc\5.3.20\spring-webmvc-5.3.20.jar;C:\Users\admin\.m2\repository\org\springframework\spring-context\5.3.20\spring-context-5.3.20.jar;C:\Users\admin\.m2\repository\org\springframework\spring-expression\5.3.20\spring-expression-5.3.20.jar;C:\Users\admin\.m2\reposi
Launcher Type: SUN_STANDARD

[Global flags]
     intx CICompilerCount                          = 4                                         {product} {ergonomic}
     uint ConcGCThreads                            = 2                                         {product} {ergonomic}
     uint G1ConcRefinementThreads                  = 8                                         {product} {ergonomic}
   size_t G1HeapRegionSize                         = 1048576                                   {product} {ergonomic}
    uintx GCDrainStackTargetSize                   = 64                                        {product} {ergonomic}
   size_t InitialHeapSize                          = 132120576                                 {product} {ergonomic}
     bool ManagementServer                         = true                                      {product} {command line}
   size_t MarkStackSize                            = 4194304                                   {product} {ergonomic}
   size_t MaxHeapSize                              = 2095054848                                {product} {ergonomic}
   size_t MaxNewSize                               = 1256194048                                {product} {ergonomic}
   size_t MinHeapDeltaBytes                        = 1048576                                   {product} {ergonomic}
   size_t MinHeapSize                              = 8388608                                   {product} {ergonomic}
    uintx NonProfiledCodeHeapSize                  = 0                                      {pd product} {ergonomic}
     bool ProfileInterpreter                       = false                                  {pd product} {command line}
    uintx ProfiledCodeHeapSize                     = 0                                      {pd product} {ergonomic}
     bool ShowCodeDetailsInExceptionMessages       = true                                   {manageable} {command line}
   size_t SoftMaxHeapSize                          = 2095054848                             {manageable} {ergonomic}
     intx TieredStopAtLevel                        = 1                                         {product} {command line}
     bool UseCompressedClassPointers               = true                           {product lp64_product} {ergonomic}
     bool UseCompressedOops                        = true                           {product lp64_product} {ergonomic}
     bool UseG1GC                                  = true                                      {product} {ergonomic}
     bool UseLargePagesIndividualAllocation        = false                                  {pd product} {ergonomic}

Logging:
Log output configuration:
 #0: stdout all=warning uptime,level,tags
 #1: stderr all=off uptime,level,tags

Environment Variables:
JAVA_HOME=C:\Program Files\Java\jdk-11.0.14
PATH=C:/Users/admin/Downloads/sts-4.14.1.RELEASE//plugins/org.eclipse.justj.openjdk.hotspot.jre.full.win32.x86_64_17.0.2.v20220201-1208/jre/bin/server;C:/Users/admin/Downloads/sts-4.14.1.RELEASE//plugins/org.eclipse.justj.openjdk.hotspot.jre.full.win32.x86_64_17.0.2.v20220201-1208/jre/bin;C:\oraclexe\app\oracle\product\11.2.0\server\bin;C:\Program Files\Common Files\Oracle\Java\javapath;C:\Program Files (x86)\Intel\Intel(R) Management Engine Components\iCLS\;C:\Program Files\Intel\Intel(R) Management Engine Components\iCLS\;C:\WINDOWS\system32;C:\WINDOWS;C:\WINDOWS\System32\Wbem;C:\WINDOWS\System32\WindowsPowerShell\v1.0\;C:\WINDOWS\System32\OpenSSH\;C:\Program Files (x86)\Intel\Intel(R) Management Engine Components\DAL;C:\Program Files\Intel\Intel(R) Management Engine Components\DAL;C:\Program Files (x86)\Windows Live\Shared;C:\Program Files\Java\jdk-11.0.14\bin;C:\Program Files\MySQL\MySQL Server 5.5\bin;C:\Program Files\Git\cmd;C:\Program Files\nodejs\;C:\Users\admin\AppData\Local\Microsoft\WindowsApps;C:\Program Files\Bandizip\;;C:\Users\admin\AppData\Local\Programs\Microsoft VS Code\bin;C:\Users\admin\AppData\Roaming\npm;C:\Users\admin\Downloads\sts-4.14.1.RELEASE;
USERNAME=admin
OS=Windows_NT
PROCESSOR_IDENTIFIER=Intel64 Family 6 Model 142 Stepping 11, GenuineIntel



---------------  S Y S T E M  ---------------

OS:
 Windows 10 , 64 bit Build 19041 (10.0.19041.1806)
OS uptime: 6 days 22:14 hours

CPU: total 8 (initial active 8) (4 cores per cpu, 2 threads per core) family 6 model 142 stepping 11 microcode 0xae, cx8, cmov, fxsr, ht, mmx, 3dnowpref, sse, sse2, sse3, ssse3, sse4.1, sse4.2, popcnt, lzcnt, tsc, tscinvbit, avx, avx2, aes, erms, clmul, bmi1, bmi2, adx, fma, vzeroupper, clflush, clflushopt

Memory: 4k page, system-wide physical 7986M (487M free)
TotalPageFile size 32562M (AvailPageFile size 17M)
current process WorkingSet (physical memory assigned to process): 142M, peak: 142M
current process commit charge ("private bytes"): 176M, peak: 230M

vm_info: OpenJDK 64-Bit Server VM (17.0.2+8) for windows-amd64 JRE (17.0.2+8), built on Jan 20 2022 04:52:34 by "" with MS VC++ 16.7 (VS2019)

END.
